2023-12-23 14:22:53 [http-nio-9091-exec-5] DEBUG o.s.w.s.m.m.a.RequestMappingHandlerMapping - Mapped to examportal.portal.Controllers.PaperController#getInstructionn(String)
2023-12-23 14:22:53 [http-nio-9091-exec-3] DEBUG o.s.w.s.m.m.a.RequestMappingHandlerMapping - Mapped to examportal.portal.Controllers.PaperController#getInstructionn(String)
2023-12-23 14:22:53 [http-nio-9091-exec-3] DEBUG o.s.w.s.m.m.a.RequestMappingHandlerMapping - Mapped to examportal.portal.Controllers.PaperController#getInstructionn(String)
2023-12-23 14:22:53 [http-nio-9091-exec-3] DEBUG o.s.w.s.m.m.a.RequestMappingHandlerMapping - Mapped to examportal.portal.Controllers.PaperController#getInstructionn(String)
2023-12-23 14:22:53 [http-nio-9091-exec-3] DEBUG o.s.w.s.m.m.a.RequestMappingHandlerMapping - Mapped to examportal.portal.Controllers.PaperController#getInstructionn(String)
2023-12-23 14:22:53 [http-nio-9091-exec-3] DEBUG o.s.w.s.m.m.a.RequestMappingHandlerMapping - Mapped to examportal.portal.Controllers.PaperController#getInstructionn(String)
2023-12-23 14:22:53 [http-nio-9091-exec-3] DEBUG o.s.w.s.m.m.a.RequestMappingHandlerMapping - Mapped to examportal.portal.Controllers.PaperController#getInstructionn(String)
2023-12-23 14:22:53 [http-nio-9091-exec-3] DEBUG o.s.w.s.m.m.a.RequestMappingHandlerMapping - Mapped to examportal.portal.Controllers.PaperController#getInstructionn(String)
2023-12-23 14:22:53 [http-nio-9091-exec-3] DEBUG o.s.w.s.m.m.a.RequestMappingHandlerMapping - Mapped to examportal.portal.Controllers.PaperController#getInstructionn(String)
2023-12-23 14:22:53 [http-nio-9091-exec-3] DEBUG o.s.w.s.m.m.a.RequestMappingHandlerMapping - Mapped to examportal.portal.Controllers.PaperController#getInstructionn(String)
2023-12-23 14:22:53 [http-nio-9091-exec-3] DEBUG o.s.web.servlet.DispatcherServlet - GET "/getInstructionBy/PaperId/149568c7-487a-4229-a218-c35d7c2b76d4", parameters={}
2023-12-23 14:22:54 [http-nio-9091-exec-3] DEBUG o.s.w.s.m.m.a.RequestMappingHandlerMapping - Mapped to examportal.portal.Controllers.PaperController#getInstructionn(String)
2023-12-23 14:22:54 [http-nio-9091-exec-3] DEBUG org.hibernate.SQL - select p1_0.instruction from paper p1_0 where p1_0.paper_id=?
2023-12-23 14:22:54 [http-nio-9091-exec-3] DEBUG o.s.w.s.m.m.a.HttpEntityMethodProcessor - Using 'application/json', given [*/*] and supported [application/json, application/*+json, application/cbor]
2023-12-23 14:22:54 [http-nio-9091-exec-3] DEBUG o.s.w.s.m.m.a.HttpEntityMethodProcessor - Writing [PaperStringDto(data=<EOL><div className="text-center"><EOL>  <h3>Online Exam Rules</h3><EOL></div><EOL><section clas (truncated)...]
2023-12-23 14:22:54 [http-nio-9091-exec-3] DEBUG o.s.web.servlet.DispatcherServlet - Completed 200 OK
2023-12-23 14:22:58 [http-nio-9091-exec-6] DEBUG o.s.w.s.m.m.a.RequestMappingHandlerMapping - Mapped to examportal.portal.Controllers.PaperController#getpaperByID(String)
2023-12-23 14:22:58 [http-nio-9091-exec-4] DEBUG o.s.w.s.m.m.a.RequestMappingHandlerMapping - Mapped to examportal.portal.Controllers.PaperController#getpaperByID(String)
2023-12-23 14:22:58 [http-nio-9091-exec-4] DEBUG o.s.w.s.m.m.a.RequestMappingHandlerMapping - Mapped to examportal.portal.Controllers.PaperController#getpaperByID(String)
2023-12-23 14:22:58 [http-nio-9091-exec-4] DEBUG o.s.w.s.m.m.a.RequestMappingHandlerMapping - Mapped to examportal.portal.Controllers.PaperController#getpaperByID(String)
2023-12-23 14:22:58 [http-nio-9091-exec-4] DEBUG o.s.w.s.m.m.a.RequestMappingHandlerMapping - Mapped to examportal.portal.Controllers.PaperController#getpaperByID(String)
2023-12-23 14:22:58 [http-nio-9091-exec-4] DEBUG o.s.w.s.m.m.a.RequestMappingHandlerMapping - Mapped to examportal.portal.Controllers.PaperController#getpaperByID(String)
2023-12-23 14:22:58 [http-nio-9091-exec-4] DEBUG o.s.w.s.m.m.a.RequestMappingHandlerMapping - Mapped to examportal.portal.Controllers.PaperController#getpaperByID(String)
2023-12-23 14:22:58 [http-nio-9091-exec-4] DEBUG o.s.w.s.m.m.a.RequestMappingHandlerMapping - Mapped to examportal.portal.Controllers.PaperController#getpaperByID(String)
2023-12-23 14:22:58 [http-nio-9091-exec-4] DEBUG o.s.w.s.m.m.a.RequestMappingHandlerMapping - Mapped to examportal.portal.Controllers.PaperController#getpaperByID(String)
2023-12-23 14:22:58 [http-nio-9091-exec-4] DEBUG o.s.w.s.m.m.a.RequestMappingHandlerMapping - Mapped to examportal.portal.Controllers.PaperController#getpaperByID(String)
2023-12-23 14:22:58 [http-nio-9091-exec-4] DEBUG o.s.web.servlet.DispatcherServlet - GET "/getPaperbyPaperId/149568c7-487a-4229-a218-c35d7c2b76d4", parameters={}
2023-12-23 14:22:58 [http-nio-9091-exec-4] DEBUG o.s.w.s.m.m.a.RequestMappingHandlerMapping - Mapped to examportal.portal.Controllers.PaperController#getpaperByID(String)
2023-12-23 14:22:58 [http-nio-9091-exec-4] INFO  PaperController - PaperController getpaperByID method started
2023-12-23 14:22:58 [http-nio-9091-exec-4] INFO  PaperServiceImpl - paperServiceIml getPaperById method Starts :
2023-12-23 14:22:59 [http-nio-9091-exec-4] DEBUG org.hibernate.SQL - select p1_0.paper_id,p1_0.created_date,p1_0.description,p1_0.instruction,p1_0.is_active,p1_0.is_auto_check,p1_0.is_setup,p1_0.is_shorted,p1_0.orgnization_id,p1_0.paper_name,p1_0.published_date,p1_0.user_id from paper p1_0 where p1_0.paper_id=?
2023-12-23 14:23:01 [http-nio-9091-exec-4] DEBUG org.hibernate.SQL - select q1_0.question_id,q1_0.correct_ans,q1_0.options,q1_0.paperid,q1_0.questions,q1_0.user_ans from questions q1_0 where q1_0.paperid=?
2023-12-23 14:23:01 [http-nio-9091-exec-4] DEBUG org.hibernate.SQL - select e1_0.examid,e1_0.assessment_name,e1_0.branch,e1_0.created_date,e1_0.description,e1_0.exam_duration,e1_0.exam_mode,e1_0.exam_rounds,e1_0.instruction,e1_0.is_active,e1_0.is_setup,e1_0.is_attempted,e1_0.is_auto_check,e1_0.is_shorted,e1_0.minimum_marks,e1_0.paper_checked,e1_0.paper_id,e1_0.published_date,e1_0.session,e1_0.total_marks from exam_details e1_0 where e1_0.paper_id=?
2023-12-23 14:23:01 [http-nio-9091-exec-4] INFO  PaperServiceImpl - paperServiceIml encodeObject method Starts 
2023-12-23 14:23:01 [http-nio-9091-exec-4] INFO  PaperServiceImpl - paperServiceIml getPaperByID method End's :
2023-12-23 14:23:01 [http-nio-9091-exec-4] INFO  PaperController - PaperController getall paper method End's
2023-12-23 14:23:01 [http-nio-9091-exec-4] DEBUG o.s.w.s.m.m.a.HttpEntityMethodProcessor - Using 'application/json', given [*/*] and supported [application/json, application/*+json, application/cbor]
2023-12-23 14:23:01 [http-nio-9091-exec-4] DEBUG o.s.w.s.m.m.a.HttpEntityMethodProcessor - Writing [PaperStringDto(data=%7B%22paperId%22%3A%22149568c7-487a-4229-a218-c35d7c2b76d4%22%2C%22paper%22%3A%7 (truncated)...]
2023-12-23 14:23:01 [http-nio-9091-exec-4] DEBUG o.s.web.servlet.DispatcherServlet - Completed 200 OK
2023-12-23 14:23:37 [http-nio-9091-exec-1] DEBUG o.s.w.s.m.m.a.RequestMappingHandlerMapping - Mapped to examportal.portal.Controllers.ResultController#checkpaper(checkpaperDto)
2023-12-23 14:23:37 [http-nio-9091-exec-8] DEBUG o.s.w.s.m.m.a.RequestMappingHandlerMapping - Mapped to examportal.portal.Controllers.ResultController#checkpaper(checkpaperDto)
2023-12-23 14:23:37 [http-nio-9091-exec-8] DEBUG o.s.w.s.m.m.a.RequestMappingHandlerMapping - Mapped to examportal.portal.Controllers.ResultController#checkpaper(checkpaperDto)
2023-12-23 14:23:37 [http-nio-9091-exec-8] DEBUG o.s.w.s.m.m.a.RequestMappingHandlerMapping - Mapped to examportal.portal.Controllers.ResultController#checkpaper(checkpaperDto)
2023-12-23 14:23:37 [http-nio-9091-exec-8] DEBUG o.s.w.s.m.m.a.RequestMappingHandlerMapping - Mapped to examportal.portal.Controllers.ResultController#checkpaper(checkpaperDto)
2023-12-23 14:23:37 [http-nio-9091-exec-8] DEBUG o.s.w.s.m.m.a.RequestMappingHandlerMapping - Mapped to examportal.portal.Controllers.ResultController#checkpaper(checkpaperDto)
2023-12-23 14:23:37 [http-nio-9091-exec-8] DEBUG o.s.w.s.m.m.a.RequestMappingHandlerMapping - Mapped to examportal.portal.Controllers.ResultController#checkpaper(checkpaperDto)
2023-12-23 14:23:37 [http-nio-9091-exec-8] DEBUG o.s.w.s.m.m.a.RequestMappingHandlerMapping - Mapped to examportal.portal.Controllers.ResultController#checkpaper(checkpaperDto)
2023-12-23 14:23:37 [http-nio-9091-exec-8] DEBUG o.s.w.s.m.m.a.RequestMappingHandlerMapping - Mapped to examportal.portal.Controllers.ResultController#checkpaper(checkpaperDto)
2023-12-23 14:23:37 [http-nio-9091-exec-8] DEBUG o.s.w.s.m.m.a.RequestMappingHandlerMapping - Mapped to examportal.portal.Controllers.ResultController#checkpaper(checkpaperDto)
2023-12-23 14:23:37 [http-nio-9091-exec-8] DEBUG o.s.web.servlet.DispatcherServlet - POST "/checkPaper", parameters={}
2023-12-23 14:23:37 [http-nio-9091-exec-8] DEBUG o.s.w.s.m.m.a.RequestMappingHandlerMapping - Mapped to examportal.portal.Controllers.ResultController#checkpaper(checkpaperDto)
2023-12-23 14:23:38 [http-nio-9091-exec-8] DEBUG o.s.w.s.m.m.a.RequestResponseBodyMethodProcessor - Read "application/json;charset=UTF-8" to [checkpaperDto(questions=[Questions(questionId=bf7e14f3-2d45-4d4f-b018-beccc7058159, options=[javasci (truncated)...]
2023-12-23 14:23:38 [http-nio-9091-exec-8] INFO  ResultController - ResultController, checkpaper  Method Start
2023-12-23 14:23:38 [http-nio-9091-exec-8] INFO  ResultServiceImpl - ResultServiceImpl, checkPaper Method Start
2023-12-23 14:23:38 [http-nio-9091-exec-8] DEBUG org.hibernate.SQL - select r1_0.resultid,r1_0.assesment_name,r1_0.date,r1_0.is_published,r1_0.marks,r1_0.paperid,r1_0.percentage,r1_0.result_status,r1_0.studentid,r1_0.student_email from result r1_0 where r1_0.paperid=? and r1_0.studentid=?
2023-12-23 14:23:38 [http-nio-9091-exec-8] DEBUG org.hibernate.SQL - select e1_0.examid,e1_0.assessment_name,e1_0.branch,e1_0.created_date,e1_0.description,e1_0.exam_duration,e1_0.exam_mode,e1_0.exam_rounds,e1_0.instruction,e1_0.is_active,e1_0.is_setup,e1_0.is_attempted,e1_0.is_auto_check,e1_0.is_shorted,e1_0.minimum_marks,e1_0.paper_checked,e1_0.paper_id,e1_0.published_date,e1_0.session,e1_0.total_marks from exam_details e1_0 where e1_0.paper_id=?
2023-12-23 14:23:39 [http-nio-9091-exec-8] DEBUG org.hibernate.SQL - select q1_0.question_id,q1_0.correct_ans,q1_0.options,q1_0.paperid,q1_0.questions,q1_0.user_ans from questions q1_0 where q1_0.question_id=?
2023-12-23 14:23:40 [http-nio-9091-exec-8] DEBUG org.hibernate.SQL - select p1_0.paper_id,p1_0.created_date,p1_0.description,p1_0.instruction,p1_0.is_active,p1_0.is_auto_check,p1_0.is_setup,p1_0.is_shorted,p1_0.orgnization_id,p1_0.paper_name,p1_0.published_date,p1_0.user_id from paper p1_0 where p1_0.paper_id=?
2023-12-23 14:23:42 [http-nio-9091-exec-8] DEBUG org.hibernate.SQL - select s1_0.studentid,s1_0.branch,s1_0.email,s1_0.is_attempted,s1_0.name,s1_0.orgnization_id,s1_0.paper_id,s1_0.top_marks,s1_0.top_paper_id,s1_0.year from student s1_0 where s1_0.studentid=?
2023-12-23 14:23:44 [http-nio-9091-exec-8] DEBUG org.hibernate.SQL - select a1_0.assessmentid,a1_0.orgnization_id,a1_0.paper_id,a1_0.user_id from assessment a1_0 where a1_0.user_id=? and a1_0.paper_id=?
2023-12-23 14:23:44 [http-nio-9091-exec-8] DEBUG org.hibernate.SQL - select a1_0.attempt_id,a1_0.assment_id,a1_0.is_attempted,a1_0.paper_id,a1_0.student_id from attempted_papers a1_0 where a1_0.attempt_id=?
2023-12-23 14:23:45 [http-nio-9091-exec-8] DEBUG org.hibernate.SQL - insert into attempted_papers (assment_id,is_attempted,paper_id,student_id,attempt_id) values (?,?,?,?,?)
2023-12-23 14:23:49 [http-nio-9091-exec-8] WARN  com.amazonaws.util.Base64 - JAXB is unavailable. Will fallback to SDK implementation which may be less performant.If you are using Java 9+, you will need to include javax.xml.bind:jaxb-api as a dependency.
2023-12-23 14:23:51 [http-nio-9091-exec-8] INFO  ResultServiceImpl - ResultServiceImpl, checkPaper Method End
2023-12-23 14:23:51 [http-nio-9091-exec-8] INFO  ResultServiceImpl - ResultServiceImpl, createResult Method Start
2023-12-23 14:23:51 [http-nio-9091-exec-8] DEBUG org.hibernate.SQL - select a1_0.attempte_question_id,a1_0.correct_ans,a1_0.options,a1_0.paperid,a1_0.questions,a1_0.studentid,a1_0.user_ans from attempted_questions a1_0 where a1_0.attempte_question_id=?
2023-12-23 14:23:51 [http-nio-9091-exec-8] DEBUG org.hibernate.SQL - insert into attempted_questions (correct_ans,options,paperid,questions,studentid,user_ans,attempte_question_id) values (?,?,?,?,?,?,?)
2023-12-23 14:24:16 [http-nio-9091-exec-8] WARN  c.zaxxer.hikari.pool.ProxyConnection - HikariPool-1 - Connection com.mysql.cj.jdbc.ConnectionImpl@6d848866 marked as broken because of SQLSTATE(08S01), ErrorCode(0)
com.mysql.cj.jdbc.exceptions.CommunicationsException: Communications link failure

The last packet successfully received from the server was 24,611 milliseconds ago. The last packet sent successfully to the server was 24,611 milliseconds ago.
	at com.mysql.cj.jdbc.exceptions.SQLError.createCommunicationsException(SQLError.java:175)
	at com.mysql.cj.jdbc.exceptions.SQLExceptionsMapping.translateException(SQLExceptionsMapping.java:64)
	at com.mysql.cj.jdbc.ConnectionImpl.commit(ConnectionImpl.java:803)
	at com.zaxxer.hikari.pool.ProxyConnection.commit(ProxyConnection.java:377)
	at com.zaxxer.hikari.pool.HikariProxyConnection.commit(HikariProxyConnection.java)
	at org.hibernate.resource.jdbc.internal.AbstractLogicalConnectionImplementor.commit(AbstractLogicalConnectionImplementor.java:86)
	at org.hibernate.resource.transaction.backend.jdbc.internal.JdbcResourceLocalTransactionCoordinatorImpl$TransactionDriverControlImpl.commit(JdbcResourceLocalTransactionCoordinatorImpl.java:268)
	at org.hibernate.engine.transaction.internal.TransactionImpl.commit(TransactionImpl.java:101)
	at org.springframework.orm.jpa.JpaTransactionManager.doCommit(JpaTransactionManager.java:561)
	at org.springframework.transaction.support.AbstractPlatformTransactionManager.processCommit(AbstractPlatformTransactionManager.java:743)
	at org.springframework.transaction.support.AbstractPlatformTransactionManager.commit(AbstractPlatformTransactionManager.java:711)
	at org.springframework.transaction.interceptor.TransactionAspectSupport.commitTransactionAfterReturning(TransactionAspectSupport.java:660)
	at org.springframework.transaction.interceptor.TransactionAspectSupport.invokeWithinTransaction(TransactionAspectSupport.java:410)
	at org.springframework.transaction.interceptor.TransactionInterceptor.invoke(TransactionInterceptor.java:119)
	at org.springframework.aop.framework.ReflectiveMethodInvocation.proceed(ReflectiveMethodInvocation.java:184)
	at org.springframework.dao.support.PersistenceExceptionTranslationInterceptor.invoke(PersistenceExceptionTranslationInterceptor.java:137)
	at org.springframework.aop.framework.ReflectiveMethodInvocation.proceed(ReflectiveMethodInvocation.java:184)
	at org.springframework.data.jpa.repository.support.CrudMethodMetadataPostProcessor$CrudMethodMetadataPopulatingMethodInterceptor.invoke(CrudMethodMetadataPostProcessor.java:164)
	at org.springframework.aop.framework.ReflectiveMethodInvocation.proceed(ReflectiveMethodInvocation.java:184)
	at org.springframework.aop.interceptor.ExposeInvocationInterceptor.invoke(ExposeInvocationInterceptor.java:97)
	at org.springframework.aop.framework.ReflectiveMethodInvocation.proceed(ReflectiveMethodInvocation.java:184)
	at org.springframework.aop.framework.JdkDynamicAopProxy.invoke(JdkDynamicAopProxy.java:244)
	at jdk.proxy4/jdk.proxy4.$Proxy149.saveAll(Unknown Source)
	at examportal.portal.ServicesImpl.ResultServiceImpl.createResult(ResultServiceImpl.java:99)
	at examportal.portal.ServicesImpl.ResultServiceImpl.checkPaper(ResultServiceImpl.java:272)
	at java.base/jdk.internal.reflect.DirectMethodHandleAccessor.invoke(DirectMethodHandleAccessor.java:104)
	at java.base/java.lang.reflect.Method.invoke(Method.java:578)
	at org.springframework.aop.support.AopUtils.invokeJoinpointUsingReflection(AopUtils.java:343)
	at org.springframework.aop.framework.CglibAopProxy$DynamicAdvisedInterceptor.intercept(CglibAopProxy.java:699)
	at examportal.portal.ServicesImpl.ResultServiceImpl$$SpringCGLIB$$0.checkPaper(<generated>)
	at examportal.portal.Controllers.ResultController.checkpaper(ResultController.java:82)
	at java.base/jdk.internal.reflect.DirectMethodHandleAccessor.invoke(DirectMethodHandleAccessor.java:104)
	at java.base/java.lang.reflect.Method.invoke(Method.java:578)
	at org.springframework.web.method.support.InvocableHandlerMethod.doInvoke(InvocableHandlerMethod.java:205)
	at org.springframework.web.method.support.InvocableHandlerMethod.invokeForRequest(InvocableHandlerMethod.java:150)
	at org.springframework.web.servlet.mvc.method.annotation.ServletInvocableHandlerMethod.invokeAndHandle(ServletInvocableHandlerMethod.java:118)
	at org.springframework.web.servlet.mvc.method.annotation.RequestMappingHandlerAdapter.invokeHandlerMethod(RequestMappingHandlerAdapter.java:884)
	at org.springframework.web.servlet.mvc.method.annotation.RequestMappingHandlerAdapter.handleInternal(RequestMappingHandlerAdapter.java:797)
	at org.springframework.web.servlet.mvc.method.AbstractHandlerMethodAdapter.handle(AbstractHandlerMethodAdapter.java:87)
	at org.springframework.web.servlet.DispatcherServlet.doDispatch(DispatcherServlet.java:1081)
	at org.springframework.web.servlet.DispatcherServlet.doService(DispatcherServlet.java:974)
	at org.springframework.web.servlet.FrameworkServlet.processRequest(FrameworkServlet.java:1011)
	at org.springframework.web.servlet.FrameworkServlet.doPost(FrameworkServlet.java:914)
	at jakarta.servlet.http.HttpServlet.service(HttpServlet.java:590)
	at org.springframework.web.servlet.FrameworkServlet.service(FrameworkServlet.java:885)
	at jakarta.servlet.http.HttpServlet.service(HttpServlet.java:658)
	at org.apache.catalina.core.ApplicationFilterChain.internalDoFilter(ApplicationFilterChain.java:205)
	at org.apache.catalina.core.ApplicationFilterChain.doFilter(ApplicationFilterChain.java:149)
	at org.apache.tomcat.websocket.server.WsFilter.doFilter(WsFilter.java:51)
	at org.apache.catalina.core.ApplicationFilterChain.internalDoFilter(ApplicationFilterChain.java:174)
	at org.apache.catalina.core.ApplicationFilterChain.doFilter(ApplicationFilterChain.java:149)
	at org.springframework.security.web.FilterChainProxy.lambda$doFilterInternal$3(FilterChainProxy.java:231)
	at org.springframework.security.web.FilterChainProxy$VirtualFilterChain.doFilter(FilterChainProxy.java:365)
	at org.springframework.security.web.access.intercept.AuthorizationFilter.doFilter(AuthorizationFilter.java:100)
	at org.springframework.security.web.FilterChainProxy$VirtualFilterChain.doFilter(FilterChainProxy.java:374)
	at org.springframework.security.web.access.ExceptionTranslationFilter.doFilter(ExceptionTranslationFilter.java:126)
	at org.springframework.security.web.access.ExceptionTranslationFilter.doFilter(ExceptionTranslationFilter.java:120)
	at org.springframework.security.web.FilterChainProxy$VirtualFilterChain.doFilter(FilterChainProxy.java:374)
	at org.springframework.security.web.authentication.AnonymousAuthenticationFilter.doFilter(AnonymousAuthenticationFilter.java:100)
	at org.springframework.security.web.FilterChainProxy$VirtualFilterChain.doFilter(FilterChainProxy.java:374)
	at org.springframework.security.web.servletapi.SecurityContextHolderAwareRequestFilter.doFilter(SecurityContextHolderAwareRequestFilter.java:179)
	at org.springframework.security.web.FilterChainProxy$VirtualFilterChain.doFilter(FilterChainProxy.java:374)
	at org.springframework.security.web.savedrequest.RequestCacheAwareFilter.doFilter(RequestCacheAwareFilter.java:63)
	at org.springframework.security.web.FilterChainProxy$VirtualFilterChain.doFilter(FilterChainProxy.java:374)
	at org.springframework.security.oauth2.server.resource.web.authentication.BearerTokenAuthenticationFilter.doFilterInternal(BearerTokenAuthenticationFilter.java:145)
	at org.springframework.web.filter.OncePerRequestFilter.doFilter(OncePerRequestFilter.java:116)
	at org.springframework.security.web.FilterChainProxy$VirtualFilterChain.doFilter(FilterChainProxy.java:374)
	at org.springframework.security.web.authentication.logout.LogoutFilter.doFilter(LogoutFilter.java:107)
	at org.springframework.security.web.authentication.logout.LogoutFilter.doFilter(LogoutFilter.java:93)
	at org.springframework.security.web.FilterChainProxy$VirtualFilterChain.doFilter(FilterChainProxy.java:374)
	at org.springframework.web.filter.CorsFilter.doFilterInternal(CorsFilter.java:91)
	at org.springframework.web.filter.OncePerRequestFilter.doFilter(OncePerRequestFilter.java:116)
	at org.springframework.security.web.FilterChainProxy$VirtualFilterChain.doFilter(FilterChainProxy.java:374)
	at org.springframework.security.web.header.HeaderWriterFilter.doHeadersAfter(HeaderWriterFilter.java:90)
	at org.springframework.security.web.header.HeaderWriterFilter.doFilterInternal(HeaderWriterFilter.java:75)
	at org.springframework.web.filter.OncePerRequestFilter.doFilter(OncePerRequestFilter.java:116)
	at org.springframework.security.web.FilterChainProxy$VirtualFilterChain.doFilter(FilterChainProxy.java:374)
	at org.springframework.security.web.context.SecurityContextHolderFilter.doFilter(SecurityContextHolderFilter.java:82)
	at org.springframework.security.web.context.SecurityContextHolderFilter.doFilter(SecurityContextHolderFilter.java:69)
	at org.springframework.security.web.FilterChainProxy$VirtualFilterChain.doFilter(FilterChainProxy.java:374)
	at org.springframework.security.web.context.request.async.WebAsyncManagerIntegrationFilter.doFilterInternal(WebAsyncManagerIntegrationFilter.java:62)
	at org.springframework.web.filter.OncePerRequestFilter.doFilter(OncePerRequestFilter.java:116)
	at org.springframework.security.web.FilterChainProxy$VirtualFilterChain.doFilter(FilterChainProxy.java:374)
	at org.springframework.security.web.session.DisableEncodeUrlFilter.doFilterInternal(DisableEncodeUrlFilter.java:42)
	at org.springframework.web.filter.OncePerRequestFilter.doFilter(OncePerRequestFilter.java:116)
	at org.springframework.security.web.FilterChainProxy$VirtualFilterChain.doFilter(FilterChainProxy.java:374)
	at org.springframework.security.web.FilterChainProxy.doFilterInternal(FilterChainProxy.java:233)
	at org.springframework.security.web.FilterChainProxy.doFilter(FilterChainProxy.java:191)
	at org.springframework.web.filter.DelegatingFilterProxy.invokeDelegate(DelegatingFilterProxy.java:352)
	at org.springframework.web.filter.DelegatingFilterProxy.doFilter(DelegatingFilterProxy.java:268)
	at org.apache.catalina.core.ApplicationFilterChain.internalDoFilter(ApplicationFilterChain.java:174)
	at org.apache.catalina.core.ApplicationFilterChain.doFilter(ApplicationFilterChain.java:149)
	at org.springframework.web.filter.RequestContextFilter.doFilterInternal(RequestContextFilter.java:100)
	at org.springframework.web.filter.OncePerRequestFilter.doFilter(OncePerRequestFilter.java:116)
	at org.apache.catalina.core.ApplicationFilterChain.internalDoFilter(ApplicationFilterChain.java:174)
	at org.apache.catalina.core.ApplicationFilterChain.doFilter(ApplicationFilterChain.java:149)
	at org.springframework.web.filter.FormContentFilter.doFilterInternal(FormContentFilter.java:93)
	at org.springframework.web.filter.OncePerRequestFilter.doFilter(OncePerRequestFilter.java:116)
	at org.apache.catalina.core.ApplicationFilterChain.internalDoFilter(ApplicationFilterChain.java:174)
	at org.apache.catalina.core.ApplicationFilterChain.doFilter(ApplicationFilterChain.java:149)
	at org.springframework.web.filter.CharacterEncodingFilter.doFilterInternal(CharacterEncodingFilter.java:201)
	at org.springframework.web.filter.OncePerRequestFilter.doFilter(OncePerRequestFilter.java:116)
	at org.apache.catalina.core.ApplicationFilterChain.internalDoFilter(ApplicationFilterChain.java:174)
	at org.apache.catalina.core.ApplicationFilterChain.doFilter(ApplicationFilterChain.java:149)
	at org.apache.catalina.core.StandardWrapperValve.invoke(StandardWrapperValve.java:167)
	at org.apache.catalina.core.StandardContextValve.invoke(StandardContextValve.java:90)
	at org.apache.catalina.authenticator.AuthenticatorBase.invoke(AuthenticatorBase.java:482)
	at org.apache.catalina.core.StandardHostValve.invoke(StandardHostValve.java:115)
	at org.apache.catalina.valves.ErrorReportValve.invoke(ErrorReportValve.java:93)
	at org.apache.catalina.core.StandardEngineValve.invoke(StandardEngineValve.java:74)
	at org.apache.catalina.connector.CoyoteAdapter.service(CoyoteAdapter.java:340)
	at org.apache.coyote.http11.Http11Processor.service(Http11Processor.java:391)
	at org.apache.coyote.AbstractProcessorLight.process(AbstractProcessorLight.java:63)
	at org.apache.coyote.AbstractProtocol$ConnectionHandler.process(AbstractProtocol.java:896)
	at org.apache.tomcat.util.net.NioEndpoint$SocketProcessor.doRun(NioEndpoint.java:1744)
	at org.apache.tomcat.util.net.SocketProcessorBase.run(SocketProcessorBase.java:52)
	at org.apache.tomcat.util.threads.ThreadPoolExecutor.runWorker(ThreadPoolExecutor.java:1191)
	at org.apache.tomcat.util.threads.ThreadPoolExecutor$Worker.run(ThreadPoolExecutor.java:659)
	at org.apache.tomcat.util.threads.TaskThread$WrappingRunnable.run(TaskThread.java:61)
	at java.base/java.lang.Thread.run(Thread.java:1589)
Caused by: com.mysql.cj.exceptions.CJCommunicationsException: Communications link failure

The last packet successfully received from the server was 24,611 milliseconds ago. The last packet sent successfully to the server was 24,611 milliseconds ago.
	at java.base/jdk.internal.reflect.DirectConstructorHandleAccessor.newInstance(DirectConstructorHandleAccessor.java:67)
	at java.base/java.lang.reflect.Constructor.newInstanceWithCaller(Constructor.java:500)
	at java.base/java.lang.reflect.Constructor.newInstance(Constructor.java:484)
	at com.mysql.cj.exceptions.ExceptionFactory.createException(ExceptionFactory.java:62)
	at com.mysql.cj.exceptions.ExceptionFactory.createException(ExceptionFactory.java:105)
	at com.mysql.cj.exceptions.ExceptionFactory.createException(ExceptionFactory.java:150)
	at com.mysql.cj.exceptions.ExceptionFactory.createCommunicationsException(ExceptionFactory.java:166)
	at com.mysql.cj.protocol.a.NativeProtocol.readMessage(NativeProtocol.java:582)
	at com.mysql.cj.protocol.a.NativeProtocol.checkErrorMessage(NativeProtocol.java:762)
	at com.mysql.cj.protocol.a.NativeProtocol.sendCommand(NativeProtocol.java:701)
	at com.mysql.cj.protocol.a.NativeProtocol.sendQueryPacket(NativeProtocol.java:1052)
	at com.mysql.cj.protocol.a.NativeProtocol.sendQueryString(NativeProtocol.java:998)
	at com.mysql.cj.NativeSession.execSQL(NativeSession.java:655)
	at com.mysql.cj.jdbc.ConnectionImpl.commit(ConnectionImpl.java:791)
	... 117 common frames omitted
Caused by: java.net.SocketException: Connection reset
	at java.base/sun.nio.ch.NioSocketImpl.implRead(NioSocketImpl.java:313)
	at java.base/sun.nio.ch.NioSocketImpl.read(NioSocketImpl.java:340)
	at java.base/sun.nio.ch.NioSocketImpl$1.read(NioSocketImpl.java:789)
	at java.base/java.net.Socket$SocketInputStream.read(Socket.java:1025)
	at java.base/sun.security.ssl.SSLSocketInputRecord.read(SSLSocketInputRecord.java:483)
	at java.base/sun.security.ssl.SSLSocketInputRecord.readHeader(SSLSocketInputRecord.java:477)
	at java.base/sun.security.ssl.SSLSocketInputRecord.bytesInCompletePacket(SSLSocketInputRecord.java:70)
	at java.base/sun.security.ssl.SSLSocketImpl.readApplicationRecord(SSLSocketImpl.java:1465)
	at java.base/sun.security.ssl.SSLSocketImpl$AppInputStream.read(SSLSocketImpl.java:1069)
	at java.base/java.io.FilterInputStream.read(FilterInputStream.java:119)
	at com.mysql.cj.protocol.FullReadInputStream.readFully(FullReadInputStream.java:64)
	at com.mysql.cj.protocol.a.SimplePacketReader.readHeaderLocal(SimplePacketReader.java:81)
	at com.mysql.cj.protocol.a.SimplePacketReader.readHeader(SimplePacketReader.java:63)
	at com.mysql.cj.protocol.a.SimplePacketReader.readHeader(SimplePacketReader.java:45)
	at com.mysql.cj.protocol.a.TimeTrackingPacketReader.readHeader(TimeTrackingPacketReader.java:52)
	at com.mysql.cj.protocol.a.TimeTrackingPacketReader.readHeader(TimeTrackingPacketReader.java:41)
	at com.mysql.cj.protocol.a.MultiPacketReader.readHeader(MultiPacketReader.java:54)
	at com.mysql.cj.protocol.a.MultiPacketReader.readHeader(MultiPacketReader.java:44)
	at com.mysql.cj.protocol.a.NativeProtocol.readMessage(NativeProtocol.java:576)
	... 123 common frames omitted
2023-12-23 14:24:16 [http-nio-9091-exec-8] DEBUG o.s.web.servlet.DispatcherServlet - Failed to complete request: org.springframework.orm.jpa.JpaSystemException: Unable to commit against JDBC Connection
2023-12-23 14:24:16 [http-nio-9091-exec-8] ERROR o.a.c.c.C.[.[.[.[dispatcherServlet] - Servlet.service() for servlet [dispatcherServlet] in context with path [] threw exception [Request processing failed: org.springframework.orm.jpa.JpaSystemException: Unable to commit against JDBC Connection] with root cause
java.net.SocketException: Connection reset
	at java.base/sun.nio.ch.NioSocketImpl.implRead(NioSocketImpl.java:313)
	at java.base/sun.nio.ch.NioSocketImpl.read(NioSocketImpl.java:340)
	at java.base/sun.nio.ch.NioSocketImpl$1.read(NioSocketImpl.java:789)
	at java.base/java.net.Socket$SocketInputStream.read(Socket.java:1025)
	at java.base/sun.security.ssl.SSLSocketInputRecord.read(SSLSocketInputRecord.java:483)
	at java.base/sun.security.ssl.SSLSocketInputRecord.readHeader(SSLSocketInputRecord.java:477)
	at java.base/sun.security.ssl.SSLSocketInputRecord.bytesInCompletePacket(SSLSocketInputRecord.java:70)
	at java.base/sun.security.ssl.SSLSocketImpl.readApplicationRecord(SSLSocketImpl.java:1465)
	at java.base/sun.security.ssl.SSLSocketImpl$AppInputStream.read(SSLSocketImpl.java:1069)
	at java.base/java.io.FilterInputStream.read(FilterInputStream.java:119)
	at com.mysql.cj.protocol.FullReadInputStream.readFully(FullReadInputStream.java:64)
	at com.mysql.cj.protocol.a.SimplePacketReader.readHeaderLocal(SimplePacketReader.java:81)
	at com.mysql.cj.protocol.a.SimplePacketReader.readHeader(SimplePacketReader.java:63)
	at com.mysql.cj.protocol.a.SimplePacketReader.readHeader(SimplePacketReader.java:45)
	at com.mysql.cj.protocol.a.TimeTrackingPacketReader.readHeader(TimeTrackingPacketReader.java:52)
	at com.mysql.cj.protocol.a.TimeTrackingPacketReader.readHeader(TimeTrackingPacketReader.java:41)
	at com.mysql.cj.protocol.a.MultiPacketReader.readHeader(MultiPacketReader.java:54)
	at com.mysql.cj.protocol.a.MultiPacketReader.readHeader(MultiPacketReader.java:44)
	at com.mysql.cj.protocol.a.NativeProtocol.readMessage(NativeProtocol.java:576)
	at com.mysql.cj.protocol.a.NativeProtocol.checkErrorMessage(NativeProtocol.java:762)
	at com.mysql.cj.protocol.a.NativeProtocol.sendCommand(NativeProtocol.java:701)
	at com.mysql.cj.protocol.a.NativeProtocol.sendQueryPacket(NativeProtocol.java:1052)
	at com.mysql.cj.protocol.a.NativeProtocol.sendQueryString(NativeProtocol.java:998)
	at com.mysql.cj.NativeSession.execSQL(NativeSession.java:655)
	at com.mysql.cj.jdbc.ConnectionImpl.commit(ConnectionImpl.java:791)
	at com.zaxxer.hikari.pool.ProxyConnection.commit(ProxyConnection.java:377)
	at com.zaxxer.hikari.pool.HikariProxyConnection.commit(HikariProxyConnection.java)
	at org.hibernate.resource.jdbc.internal.AbstractLogicalConnectionImplementor.commit(AbstractLogicalConnectionImplementor.java:86)
	at org.hibernate.resource.transaction.backend.jdbc.internal.JdbcResourceLocalTransactionCoordinatorImpl$TransactionDriverControlImpl.commit(JdbcResourceLocalTransactionCoordinatorImpl.java:268)
	at org.hibernate.engine.transaction.internal.TransactionImpl.commit(TransactionImpl.java:101)
	at org.springframework.orm.jpa.JpaTransactionManager.doCommit(JpaTransactionManager.java:561)
	at org.springframework.transaction.support.AbstractPlatformTransactionManager.processCommit(AbstractPlatformTransactionManager.java:743)
	at org.springframework.transaction.support.AbstractPlatformTransactionManager.commit(AbstractPlatformTransactionManager.java:711)
	at org.springframework.transaction.interceptor.TransactionAspectSupport.commitTransactionAfterReturning(TransactionAspectSupport.java:660)
	at org.springframework.transaction.interceptor.TransactionAspectSupport.invokeWithinTransaction(TransactionAspectSupport.java:410)
	at org.springframework.transaction.interceptor.TransactionInterceptor.invoke(TransactionInterceptor.java:119)
	at org.springframework.aop.framework.ReflectiveMethodInvocation.proceed(ReflectiveMethodInvocation.java:184)
	at org.springframework.dao.support.PersistenceExceptionTranslationInterceptor.invoke(PersistenceExceptionTranslationInterceptor.java:137)
	at org.springframework.aop.framework.ReflectiveMethodInvocation.proceed(ReflectiveMethodInvocation.java:184)
	at org.springframework.data.jpa.repository.support.CrudMethodMetadataPostProcessor$CrudMethodMetadataPopulatingMethodInterceptor.invoke(CrudMethodMetadataPostProcessor.java:164)
	at org.springframework.aop.framework.ReflectiveMethodInvocation.proceed(ReflectiveMethodInvocation.java:184)
	at org.springframework.aop.interceptor.ExposeInvocationInterceptor.invoke(ExposeInvocationInterceptor.java:97)
	at org.springframework.aop.framework.ReflectiveMethodInvocation.proceed(ReflectiveMethodInvocation.java:184)
	at org.springframework.aop.framework.JdkDynamicAopProxy.invoke(JdkDynamicAopProxy.java:244)
	at jdk.proxy4/jdk.proxy4.$Proxy149.saveAll(Unknown Source)
	at examportal.portal.ServicesImpl.ResultServiceImpl.createResult(ResultServiceImpl.java:99)
	at examportal.portal.ServicesImpl.ResultServiceImpl.checkPaper(ResultServiceImpl.java:272)
	at java.base/jdk.internal.reflect.DirectMethodHandleAccessor.invoke(DirectMethodHandleAccessor.java:104)
	at java.base/java.lang.reflect.Method.invoke(Method.java:578)
	at org.springframework.aop.support.AopUtils.invokeJoinpointUsingReflection(AopUtils.java:343)
	at org.springframework.aop.framework.CglibAopProxy$DynamicAdvisedInterceptor.intercept(CglibAopProxy.java:699)
	at examportal.portal.ServicesImpl.ResultServiceImpl$$SpringCGLIB$$0.checkPaper(<generated>)
	at examportal.portal.Controllers.ResultController.checkpaper(ResultController.java:82)
	at java.base/jdk.internal.reflect.DirectMethodHandleAccessor.invoke(DirectMethodHandleAccessor.java:104)
	at java.base/java.lang.reflect.Method.invoke(Method.java:578)
	at org.springframework.web.method.support.InvocableHandlerMethod.doInvoke(InvocableHandlerMethod.java:205)
	at org.springframework.web.method.support.InvocableHandlerMethod.invokeForRequest(InvocableHandlerMethod.java:150)
	at org.springframework.web.servlet.mvc.method.annotation.ServletInvocableHandlerMethod.invokeAndHandle(ServletInvocableHandlerMethod.java:118)
	at org.springframework.web.servlet.mvc.method.annotation.RequestMappingHandlerAdapter.invokeHandlerMethod(RequestMappingHandlerAdapter.java:884)
	at org.springframework.web.servlet.mvc.method.annotation.RequestMappingHandlerAdapter.handleInternal(RequestMappingHandlerAdapter.java:797)
	at org.springframework.web.servlet.mvc.method.AbstractHandlerMethodAdapter.handle(AbstractHandlerMethodAdapter.java:87)
	at org.springframework.web.servlet.DispatcherServlet.doDispatch(DispatcherServlet.java:1081)
	at org.springframework.web.servlet.DispatcherServlet.doService(DispatcherServlet.java:974)
	at org.springframework.web.servlet.FrameworkServlet.processRequest(FrameworkServlet.java:1011)
	at org.springframework.web.servlet.FrameworkServlet.doPost(FrameworkServlet.java:914)
	at jakarta.servlet.http.HttpServlet.service(HttpServlet.java:590)
	at org.springframework.web.servlet.FrameworkServlet.service(FrameworkServlet.java:885)
	at jakarta.servlet.http.HttpServlet.service(HttpServlet.java:658)
	at org.apache.catalina.core.ApplicationFilterChain.internalDoFilter(ApplicationFilterChain.java:205)
	at org.apache.catalina.core.ApplicationFilterChain.doFilter(ApplicationFilterChain.java:149)
	at org.apache.tomcat.websocket.server.WsFilter.doFilter(WsFilter.java:51)
	at org.apache.catalina.core.ApplicationFilterChain.internalDoFilter(ApplicationFilterChain.java:174)
	at org.apache.catalina.core.ApplicationFilterChain.doFilter(ApplicationFilterChain.java:149)
	at org.springframework.security.web.FilterChainProxy.lambda$doFilterInternal$3(FilterChainProxy.java:231)
	at org.springframework.security.web.FilterChainProxy$VirtualFilterChain.doFilter(FilterChainProxy.java:365)
	at org.springframework.security.web.access.intercept.AuthorizationFilter.doFilter(AuthorizationFilter.java:100)
	at org.springframework.security.web.FilterChainProxy$VirtualFilterChain.doFilter(FilterChainProxy.java:374)
	at org.springframework.security.web.access.ExceptionTranslationFilter.doFilter(ExceptionTranslationFilter.java:126)
	at org.springframework.security.web.access.ExceptionTranslationFilter.doFilter(ExceptionTranslationFilter.java:120)
	at org.springframework.security.web.FilterChainProxy$VirtualFilterChain.doFilter(FilterChainProxy.java:374)
	at org.springframework.security.web.authentication.AnonymousAuthenticationFilter.doFilter(AnonymousAuthenticationFilter.java:100)
	at org.springframework.security.web.FilterChainProxy$VirtualFilterChain.doFilter(FilterChainProxy.java:374)
	at org.springframework.security.web.servletapi.SecurityContextHolderAwareRequestFilter.doFilter(SecurityContextHolderAwareRequestFilter.java:179)
	at org.springframework.security.web.FilterChainProxy$VirtualFilterChain.doFilter(FilterChainProxy.java:374)
	at org.springframework.security.web.savedrequest.RequestCacheAwareFilter.doFilter(RequestCacheAwareFilter.java:63)
	at org.springframework.security.web.FilterChainProxy$VirtualFilterChain.doFilter(FilterChainProxy.java:374)
	at org.springframework.security.oauth2.server.resource.web.authentication.BearerTokenAuthenticationFilter.doFilterInternal(BearerTokenAuthenticationFilter.java:145)
	at org.springframework.web.filter.OncePerRequestFilter.doFilter(OncePerRequestFilter.java:116)
	at org.springframework.security.web.FilterChainProxy$VirtualFilterChain.doFilter(FilterChainProxy.java:374)
	at org.springframework.security.web.authentication.logout.LogoutFilter.doFilter(LogoutFilter.java:107)
	at org.springframework.security.web.authentication.logout.LogoutFilter.doFilter(LogoutFilter.java:93)
	at org.springframework.security.web.FilterChainProxy$VirtualFilterChain.doFilter(FilterChainProxy.java:374)
	at org.springframework.web.filter.CorsFilter.doFilterInternal(CorsFilter.java:91)
	at org.springframework.web.filter.OncePerRequestFilter.doFilter(OncePerRequestFilter.java:116)
	at org.springframework.security.web.FilterChainProxy$VirtualFilterChain.doFilter(FilterChainProxy.java:374)
	at org.springframework.security.web.header.HeaderWriterFilter.doHeadersAfter(HeaderWriterFilter.java:90)
	at org.springframework.security.web.header.HeaderWriterFilter.doFilterInternal(HeaderWriterFilter.java:75)
	at org.springframework.web.filter.OncePerRequestFilter.doFilter(OncePerRequestFilter.java:116)
	at org.springframework.security.web.FilterChainProxy$VirtualFilterChain.doFilter(FilterChainProxy.java:374)
	at org.springframework.security.web.context.SecurityContextHolderFilter.doFilter(SecurityContextHolderFilter.java:82)
	at org.springframework.security.web.context.SecurityContextHolderFilter.doFilter(SecurityContextHolderFilter.java:69)
	at org.springframework.security.web.FilterChainProxy$VirtualFilterChain.doFilter(FilterChainProxy.java:374)
	at org.springframework.security.web.context.request.async.WebAsyncManagerIntegrationFilter.doFilterInternal(WebAsyncManagerIntegrationFilter.java:62)
	at org.springframework.web.filter.OncePerRequestFilter.doFilter(OncePerRequestFilter.java:116)
	at org.springframework.security.web.FilterChainProxy$VirtualFilterChain.doFilter(FilterChainProxy.java:374)
	at org.springframework.security.web.session.DisableEncodeUrlFilter.doFilterInternal(DisableEncodeUrlFilter.java:42)
	at org.springframework.web.filter.OncePerRequestFilter.doFilter(OncePerRequestFilter.java:116)
	at org.springframework.security.web.FilterChainProxy$VirtualFilterChain.doFilter(FilterChainProxy.java:374)
	at org.springframework.security.web.FilterChainProxy.doFilterInternal(FilterChainProxy.java:233)
	at org.springframework.security.web.FilterChainProxy.doFilter(FilterChainProxy.java:191)
	at org.springframework.web.filter.DelegatingFilterProxy.invokeDelegate(DelegatingFilterProxy.java:352)
	at org.springframework.web.filter.DelegatingFilterProxy.doFilter(DelegatingFilterProxy.java:268)
	at org.apache.catalina.core.ApplicationFilterChain.internalDoFilter(ApplicationFilterChain.java:174)
	at org.apache.catalina.core.ApplicationFilterChain.doFilter(ApplicationFilterChain.java:149)
	at org.springframework.web.filter.RequestContextFilter.doFilterInternal(RequestContextFilter.java:100)
	at org.springframework.web.filter.OncePerRequestFilter.doFilter(OncePerRequestFilter.java:116)
	at org.apache.catalina.core.ApplicationFilterChain.internalDoFilter(ApplicationFilterChain.java:174)
	at org.apache.catalina.core.ApplicationFilterChain.doFilter(ApplicationFilterChain.java:149)
	at org.springframework.web.filter.FormContentFilter.doFilterInternal(FormContentFilter.java:93)
	at org.springframework.web.filter.OncePerRequestFilter.doFilter(OncePerRequestFilter.java:116)
	at org.apache.catalina.core.ApplicationFilterChain.internalDoFilter(ApplicationFilterChain.java:174)
	at org.apache.catalina.core.ApplicationFilterChain.doFilter(ApplicationFilterChain.java:149)
	at org.springframework.web.filter.CharacterEncodingFilter.doFilterInternal(CharacterEncodingFilter.java:201)
	at org.springframework.web.filter.OncePerRequestFilter.doFilter(OncePerRequestFilter.java:116)
	at org.apache.catalina.core.ApplicationFilterChain.internalDoFilter(ApplicationFilterChain.java:174)
	at org.apache.catalina.core.ApplicationFilterChain.doFilter(ApplicationFilterChain.java:149)
	at org.apache.catalina.core.StandardWrapperValve.invoke(StandardWrapperValve.java:167)
	at org.apache.catalina.core.StandardContextValve.invoke(StandardContextValve.java:90)
	at org.apache.catalina.authenticator.AuthenticatorBase.invoke(AuthenticatorBase.java:482)
	at org.apache.catalina.core.StandardHostValve.invoke(StandardHostValve.java:115)
	at org.apache.catalina.valves.ErrorReportValve.invoke(ErrorReportValve.java:93)
	at org.apache.catalina.core.StandardEngineValve.invoke(StandardEngineValve.java:74)
	at org.apache.catalina.connector.CoyoteAdapter.service(CoyoteAdapter.java:340)
	at org.apache.coyote.http11.Http11Processor.service(Http11Processor.java:391)
	at org.apache.coyote.AbstractProcessorLight.process(AbstractProcessorLight.java:63)
	at org.apache.coyote.AbstractProtocol$ConnectionHandler.process(AbstractProtocol.java:896)
	at org.apache.tomcat.util.net.NioEndpoint$SocketProcessor.doRun(NioEndpoint.java:1744)
	at org.apache.tomcat.util.net.SocketProcessorBase.run(SocketProcessorBase.java:52)
	at org.apache.tomcat.util.threads.ThreadPoolExecutor.runWorker(ThreadPoolExecutor.java:1191)
	at org.apache.tomcat.util.threads.ThreadPoolExecutor$Worker.run(ThreadPoolExecutor.java:659)
	at org.apache.tomcat.util.threads.TaskThread$WrappingRunnable.run(TaskThread.java:61)
	at java.base/java.lang.Thread.run(Thread.java:1589)
2023-12-23 14:24:16 [http-nio-9091-exec-8] DEBUG o.s.w.s.m.m.a.RequestMappingHandlerMapping - Mapped to org.springframework.boot.autoconfigure.web.servlet.error.BasicErrorController#error(HttpServletRequest)
2023-12-23 14:24:16 [http-nio-9091-exec-8] DEBUG o.s.w.s.m.m.a.RequestMappingHandlerMapping - Mapped to org.springframework.boot.autoconfigure.web.servlet.error.BasicErrorController#error(HttpServletRequest)
2023-12-23 14:24:16 [http-nio-9091-exec-8] DEBUG o.s.w.s.m.m.a.RequestMappingHandlerMapping - Mapped to org.springframework.boot.autoconfigure.web.servlet.error.BasicErrorController#error(HttpServletRequest)
2023-12-23 14:24:16 [http-nio-9091-exec-8] DEBUG o.s.w.s.m.m.a.RequestMappingHandlerMapping - Mapped to org.springframework.boot.autoconfigure.web.servlet.error.BasicErrorController#error(HttpServletRequest)
2023-12-23 14:24:16 [http-nio-9091-exec-8] DEBUG o.s.w.s.m.m.a.RequestMappingHandlerMapping - Mapped to org.springframework.boot.autoconfigure.web.servlet.error.BasicErrorController#error(HttpServletRequest)
2023-12-23 14:24:16 [http-nio-9091-exec-8] DEBUG o.s.w.s.m.m.a.RequestMappingHandlerMapping - Mapped to org.springframework.boot.autoconfigure.web.servlet.error.BasicErrorController#error(HttpServletRequest)
2023-12-23 14:24:16 [http-nio-9091-exec-8] DEBUG o.s.w.s.m.m.a.RequestMappingHandlerMapping - Mapped to org.springframework.boot.autoconfigure.web.servlet.error.BasicErrorController#error(HttpServletRequest)
2023-12-23 14:24:16 [http-nio-9091-exec-8] DEBUG o.s.w.s.m.m.a.RequestMappingHandlerMapping - Mapped to org.springframework.boot.autoconfigure.web.servlet.error.BasicErrorController#error(HttpServletRequest)
2023-12-23 14:24:16 [http-nio-9091-exec-8] DEBUG o.s.web.servlet.DispatcherServlet - "ERROR" dispatch for POST "/error", parameters={}
2023-12-23 14:24:16 [http-nio-9091-exec-8] DEBUG o.s.w.s.m.m.a.RequestMappingHandlerMapping - Mapped to org.springframework.boot.autoconfigure.web.servlet.error.BasicErrorController#error(HttpServletRequest)
2023-12-23 14:24:16 [http-nio-9091-exec-8] DEBUG o.s.w.s.m.m.a.HttpEntityMethodProcessor - Using 'application/json', given [*/*] and supported [application/json, application/*+json, application/cbor]
2023-12-23 14:24:16 [http-nio-9091-exec-8] DEBUG o.s.w.s.m.m.a.HttpEntityMethodProcessor - Writing [{timestamp=Sat Dec 23 14:24:16 IST 2023, status=500, error=Internal Server Error, trace=org.springfr (truncated)...]
2023-12-23 14:24:16 [http-nio-9091-exec-8] DEBUG o.s.web.servlet.DispatcherServlet - Exiting from "ERROR" dispatch, status 500
2023-12-23 14:24:17 [http-nio-9091-exec-2] DEBUG o.s.w.s.m.m.a.RequestMappingHandlerMapping - Mapped to examportal.portal.Controllers.ResultController#getbystudentandpaperId(String, String)
2023-12-23 14:24:17 [http-nio-9091-exec-10] DEBUG o.s.w.s.m.m.a.RequestMappingHandlerMapping - Mapped to examportal.portal.Controllers.ResultController#getbystudentandpaperId(String, String)
2023-12-23 14:24:17 [http-nio-9091-exec-10] DEBUG o.s.w.s.m.m.a.RequestMappingHandlerMapping - Mapped to examportal.portal.Controllers.ResultController#getbystudentandpaperId(String, String)
2023-12-23 14:24:17 [http-nio-9091-exec-10] DEBUG o.s.w.s.m.m.a.RequestMappingHandlerMapping - Mapped to examportal.portal.Controllers.ResultController#getbystudentandpaperId(String, String)
2023-12-23 14:24:17 [http-nio-9091-exec-10] DEBUG o.s.w.s.m.m.a.RequestMappingHandlerMapping - Mapped to examportal.portal.Controllers.ResultController#getbystudentandpaperId(String, String)
2023-12-23 14:24:17 [http-nio-9091-exec-10] DEBUG o.s.w.s.m.m.a.RequestMappingHandlerMapping - Mapped to examportal.portal.Controllers.ResultController#getbystudentandpaperId(String, String)
2023-12-23 14:24:17 [http-nio-9091-exec-10] DEBUG o.s.w.s.m.m.a.RequestMappingHandlerMapping - Mapped to examportal.portal.Controllers.ResultController#getbystudentandpaperId(String, String)
2023-12-23 14:24:17 [http-nio-9091-exec-10] DEBUG o.s.w.s.m.m.a.RequestMappingHandlerMapping - Mapped to examportal.portal.Controllers.ResultController#getbystudentandpaperId(String, String)
2023-12-23 14:24:17 [http-nio-9091-exec-10] DEBUG o.s.w.s.m.m.a.RequestMappingHandlerMapping - Mapped to examportal.portal.Controllers.ResultController#getbystudentandpaperId(String, String)
2023-12-23 14:24:17 [http-nio-9091-exec-10] DEBUG o.s.w.s.m.m.a.RequestMappingHandlerMapping - Mapped to examportal.portal.Controllers.ResultController#getbystudentandpaperId(String, String)
2023-12-23 14:24:17 [http-nio-9091-exec-10] DEBUG o.s.web.servlet.DispatcherServlet - GET "/getresultby/student/65869eb8dca1222f3d0469d3/paperId/149568c7-487a-4229-a218-c35d7c2b76d4", parameters={}
2023-12-23 14:24:17 [http-nio-9091-exec-10] DEBUG o.s.w.s.m.m.a.RequestMappingHandlerMapping - Mapped to examportal.portal.Controllers.ResultController#getbystudentandpaperId(String, String)
2023-12-23 14:24:17 [http-nio-9091-exec-10] INFO  ResultController - ResultController, getbystudentandpaperId  Method Start
2023-12-23 14:24:17 [http-nio-9091-exec-10] INFO  ResultServiceImpl - ResultServiceImpl, getResultByStudentIdAndPaperId Method Start
2023-12-23 14:24:17 [http-nio-9091-exec-10] DEBUG org.hibernate.SQL - select r1_0.resultid,r1_0.assesment_name,r1_0.date,r1_0.is_published,r1_0.marks,r1_0.paperid,r1_0.percentage,r1_0.result_status,r1_0.studentid,r1_0.student_email from result r1_0 where r1_0.paperid=? and r1_0.studentid=?
2023-12-23 14:24:18 [http-nio-9091-exec-10] DEBUG org.hibernate.SQL - select s1_0.studentid,s1_0.branch,s1_0.email,s1_0.is_attempted,s1_0.name,s1_0.orgnization_id,s1_0.paper_id,s1_0.top_marks,s1_0.top_paper_id,s1_0.year from student s1_0 where s1_0.studentid=?
2023-12-23 14:24:20 [http-nio-9091-exec-10] DEBUG o.s.web.servlet.DispatcherServlet - Failed to complete request: java.lang.NullPointerException: Cannot invoke "examportal.portal.Entity.Result.getIs_published()" because "result" is null
2023-12-23 14:24:20 [http-nio-9091-exec-10] ERROR o.a.c.c.C.[.[.[.[dispatcherServlet] - Servlet.service() for servlet [dispatcherServlet] in context with path [] threw exception [Request processing failed: java.lang.NullPointerException: Cannot invoke "examportal.portal.Entity.Result.getIs_published()" because "result" is null] with root cause
java.lang.NullPointerException: Cannot invoke "examportal.portal.Entity.Result.getIs_published()" because "result" is null
	at examportal.portal.ServicesImpl.ResultServiceImpl.getResultByStudentIdAndPaperId(ResultServiceImpl.java:299)
	at java.base/jdk.internal.reflect.DirectMethodHandleAccessor.invoke(DirectMethodHandleAccessor.java:104)
	at java.base/java.lang.reflect.Method.invoke(Method.java:578)
	at org.springframework.aop.support.AopUtils.invokeJoinpointUsingReflection(AopUtils.java:343)
	at org.springframework.aop.framework.CglibAopProxy$DynamicAdvisedInterceptor.intercept(CglibAopProxy.java:699)
	at examportal.portal.ServicesImpl.ResultServiceImpl$$SpringCGLIB$$0.getResultByStudentIdAndPaperId(<generated>)
	at examportal.portal.Controllers.ResultController.getbystudentandpaperId(ResultController.java:112)
	at java.base/jdk.internal.reflect.DirectMethodHandleAccessor.invoke(DirectMethodHandleAccessor.java:104)
	at java.base/java.lang.reflect.Method.invoke(Method.java:578)
	at org.springframework.web.method.support.InvocableHandlerMethod.doInvoke(InvocableHandlerMethod.java:205)
	at org.springframework.web.method.support.InvocableHandlerMethod.invokeForRequest(InvocableHandlerMethod.java:150)
	at org.springframework.web.servlet.mvc.method.annotation.ServletInvocableHandlerMethod.invokeAndHandle(ServletInvocableHandlerMethod.java:118)
	at org.springframework.web.servlet.mvc.method.annotation.RequestMappingHandlerAdapter.invokeHandlerMethod(RequestMappingHandlerAdapter.java:884)
	at org.springframework.web.servlet.mvc.method.annotation.RequestMappingHandlerAdapter.handleInternal(RequestMappingHandlerAdapter.java:797)
	at org.springframework.web.servlet.mvc.method.AbstractHandlerMethodAdapter.handle(AbstractHandlerMethodAdapter.java:87)
	at org.springframework.web.servlet.DispatcherServlet.doDispatch(DispatcherServlet.java:1081)
	at org.springframework.web.servlet.DispatcherServlet.doService(DispatcherServlet.java:974)
	at org.springframework.web.servlet.FrameworkServlet.processRequest(FrameworkServlet.java:1011)
	at org.springframework.web.servlet.FrameworkServlet.doGet(FrameworkServlet.java:903)
	at jakarta.servlet.http.HttpServlet.service(HttpServlet.java:564)
	at org.springframework.web.servlet.FrameworkServlet.service(FrameworkServlet.java:885)
	at jakarta.servlet.http.HttpServlet.service(HttpServlet.java:658)
	at org.apache.catalina.core.ApplicationFilterChain.internalDoFilter(ApplicationFilterChain.java:205)
	at org.apache.catalina.core.ApplicationFilterChain.doFilter(ApplicationFilterChain.java:149)
	at org.apache.tomcat.websocket.server.WsFilter.doFilter(WsFilter.java:51)
	at org.apache.catalina.core.ApplicationFilterChain.internalDoFilter(ApplicationFilterChain.java:174)
	at org.apache.catalina.core.ApplicationFilterChain.doFilter(ApplicationFilterChain.java:149)
	at org.springframework.security.web.FilterChainProxy.lambda$doFilterInternal$3(FilterChainProxy.java:231)
	at org.springframework.security.web.FilterChainProxy$VirtualFilterChain.doFilter(FilterChainProxy.java:365)
	at org.springframework.security.web.access.intercept.AuthorizationFilter.doFilter(AuthorizationFilter.java:100)
	at org.springframework.security.web.FilterChainProxy$VirtualFilterChain.doFilter(FilterChainProxy.java:374)
	at org.springframework.security.web.access.ExceptionTranslationFilter.doFilter(ExceptionTranslationFilter.java:126)
	at org.springframework.security.web.access.ExceptionTranslationFilter.doFilter(ExceptionTranslationFilter.java:120)
	at org.springframework.security.web.FilterChainProxy$VirtualFilterChain.doFilter(FilterChainProxy.java:374)
	at org.springframework.security.web.authentication.AnonymousAuthenticationFilter.doFilter(AnonymousAuthenticationFilter.java:100)
	at org.springframework.security.web.FilterChainProxy$VirtualFilterChain.doFilter(FilterChainProxy.java:374)
	at org.springframework.security.web.servletapi.SecurityContextHolderAwareRequestFilter.doFilter(SecurityContextHolderAwareRequestFilter.java:179)
	at org.springframework.security.web.FilterChainProxy$VirtualFilterChain.doFilter(FilterChainProxy.java:374)
	at org.springframework.security.web.savedrequest.RequestCacheAwareFilter.doFilter(RequestCacheAwareFilter.java:63)
	at org.springframework.security.web.FilterChainProxy$VirtualFilterChain.doFilter(FilterChainProxy.java:374)
	at org.springframework.security.oauth2.server.resource.web.authentication.BearerTokenAuthenticationFilter.doFilterInternal(BearerTokenAuthenticationFilter.java:145)
	at org.springframework.web.filter.OncePerRequestFilter.doFilter(OncePerRequestFilter.java:116)
	at org.springframework.security.web.FilterChainProxy$VirtualFilterChain.doFilter(FilterChainProxy.java:374)
	at org.springframework.security.web.authentication.logout.LogoutFilter.doFilter(LogoutFilter.java:107)
	at org.springframework.security.web.authentication.logout.LogoutFilter.doFilter(LogoutFilter.java:93)
	at org.springframework.security.web.FilterChainProxy$VirtualFilterChain.doFilter(FilterChainProxy.java:374)
	at org.springframework.web.filter.CorsFilter.doFilterInternal(CorsFilter.java:91)
	at org.springframework.web.filter.OncePerRequestFilter.doFilter(OncePerRequestFilter.java:116)
	at org.springframework.security.web.FilterChainProxy$VirtualFilterChain.doFilter(FilterChainProxy.java:374)
	at org.springframework.security.web.header.HeaderWriterFilter.doHeadersAfter(HeaderWriterFilter.java:90)
	at org.springframework.security.web.header.HeaderWriterFilter.doFilterInternal(HeaderWriterFilter.java:75)
	at org.springframework.web.filter.OncePerRequestFilter.doFilter(OncePerRequestFilter.java:116)
	at org.springframework.security.web.FilterChainProxy$VirtualFilterChain.doFilter(FilterChainProxy.java:374)
	at org.springframework.security.web.context.SecurityContextHolderFilter.doFilter(SecurityContextHolderFilter.java:82)
	at org.springframework.security.web.context.SecurityContextHolderFilter.doFilter(SecurityContextHolderFilter.java:69)
	at org.springframework.security.web.FilterChainProxy$VirtualFilterChain.doFilter(FilterChainProxy.java:374)
	at org.springframework.security.web.context.request.async.WebAsyncManagerIntegrationFilter.doFilterInternal(WebAsyncManagerIntegrationFilter.java:62)
	at org.springframework.web.filter.OncePerRequestFilter.doFilter(OncePerRequestFilter.java:116)
	at org.springframework.security.web.FilterChainProxy$VirtualFilterChain.doFilter(FilterChainProxy.java:374)
	at org.springframework.security.web.session.DisableEncodeUrlFilter.doFilterInternal(DisableEncodeUrlFilter.java:42)
	at org.springframework.web.filter.OncePerRequestFilter.doFilter(OncePerRequestFilter.java:116)
	at org.springframework.security.web.FilterChainProxy$VirtualFilterChain.doFilter(FilterChainProxy.java:374)
	at org.springframework.security.web.FilterChainProxy.doFilterInternal(FilterChainProxy.java:233)
	at org.springframework.security.web.FilterChainProxy.doFilter(FilterChainProxy.java:191)
	at org.springframework.web.filter.DelegatingFilterProxy.invokeDelegate(DelegatingFilterProxy.java:352)
	at org.springframework.web.filter.DelegatingFilterProxy.doFilter(DelegatingFilterProxy.java:268)
	at org.apache.catalina.core.ApplicationFilterChain.internalDoFilter(ApplicationFilterChain.java:174)
	at org.apache.catalina.core.ApplicationFilterChain.doFilter(ApplicationFilterChain.java:149)
	at org.springframework.web.filter.RequestContextFilter.doFilterInternal(RequestContextFilter.java:100)
	at org.springframework.web.filter.OncePerRequestFilter.doFilter(OncePerRequestFilter.java:116)
	at org.apache.catalina.core.ApplicationFilterChain.internalDoFilter(ApplicationFilterChain.java:174)
	at org.apache.catalina.core.ApplicationFilterChain.doFilter(ApplicationFilterChain.java:149)
	at org.springframework.web.filter.FormContentFilter.doFilterInternal(FormContentFilter.java:93)
	at org.springframework.web.filter.OncePerRequestFilter.doFilter(OncePerRequestFilter.java:116)
	at org.apache.catalina.core.ApplicationFilterChain.internalDoFilter(ApplicationFilterChain.java:174)
	at org.apache.catalina.core.ApplicationFilterChain.doFilter(ApplicationFilterChain.java:149)
	at org.springframework.web.filter.CharacterEncodingFilter.doFilterInternal(CharacterEncodingFilter.java:201)
	at org.springframework.web.filter.OncePerRequestFilter.doFilter(OncePerRequestFilter.java:116)
	at org.apache.catalina.core.ApplicationFilterChain.internalDoFilter(ApplicationFilterChain.java:174)
	at org.apache.catalina.core.ApplicationFilterChain.doFilter(ApplicationFilterChain.java:149)
	at org.apache.catalina.core.StandardWrapperValve.invoke(StandardWrapperValve.java:167)
	at org.apache.catalina.core.StandardContextValve.invoke(StandardContextValve.java:90)
	at org.apache.catalina.authenticator.AuthenticatorBase.invoke(AuthenticatorBase.java:482)
	at org.apache.catalina.core.StandardHostValve.invoke(StandardHostValve.java:115)
	at org.apache.catalina.valves.ErrorReportValve.invoke(ErrorReportValve.java:93)
	at org.apache.catalina.core.StandardEngineValve.invoke(StandardEngineValve.java:74)
	at org.apache.catalina.connector.CoyoteAdapter.service(CoyoteAdapter.java:340)
	at org.apache.coyote.http11.Http11Processor.service(Http11Processor.java:391)
	at org.apache.coyote.AbstractProcessorLight.process(AbstractProcessorLight.java:63)
	at org.apache.coyote.AbstractProtocol$ConnectionHandler.process(AbstractProtocol.java:896)
	at org.apache.tomcat.util.net.NioEndpoint$SocketProcessor.doRun(NioEndpoint.java:1744)
	at org.apache.tomcat.util.net.SocketProcessorBase.run(SocketProcessorBase.java:52)
	at org.apache.tomcat.util.threads.ThreadPoolExecutor.runWorker(ThreadPoolExecutor.java:1191)
	at org.apache.tomcat.util.threads.ThreadPoolExecutor$Worker.run(ThreadPoolExecutor.java:659)
	at org.apache.tomcat.util.threads.TaskThread$WrappingRunnable.run(TaskThread.java:61)
	at java.base/java.lang.Thread.run(Thread.java:1589)
2023-12-23 14:24:20 [http-nio-9091-exec-10] DEBUG o.s.w.s.m.m.a.RequestMappingHandlerMapping - Mapped to org.springframework.boot.autoconfigure.web.servlet.error.BasicErrorController#error(HttpServletRequest)
2023-12-23 14:24:20 [http-nio-9091-exec-10] DEBUG o.s.w.s.m.m.a.RequestMappingHandlerMapping - Mapped to org.springframework.boot.autoconfigure.web.servlet.error.BasicErrorController#error(HttpServletRequest)
2023-12-23 14:24:20 [http-nio-9091-exec-10] DEBUG o.s.w.s.m.m.a.RequestMappingHandlerMapping - Mapped to org.springframework.boot.autoconfigure.web.servlet.error.BasicErrorController#error(HttpServletRequest)
2023-12-23 14:24:20 [http-nio-9091-exec-10] DEBUG o.s.w.s.m.m.a.RequestMappingHandlerMapping - Mapped to org.springframework.boot.autoconfigure.web.servlet.error.BasicErrorController#error(HttpServletRequest)
2023-12-23 14:24:20 [http-nio-9091-exec-10] DEBUG o.s.w.s.m.m.a.RequestMappingHandlerMapping - Mapped to org.springframework.boot.autoconfigure.web.servlet.error.BasicErrorController#error(HttpServletRequest)
2023-12-23 14:24:20 [http-nio-9091-exec-10] DEBUG o.s.w.s.m.m.a.RequestMappingHandlerMapping - Mapped to org.springframework.boot.autoconfigure.web.servlet.error.BasicErrorController#error(HttpServletRequest)
2023-12-23 14:24:20 [http-nio-9091-exec-10] DEBUG o.s.w.s.m.m.a.RequestMappingHandlerMapping - Mapped to org.springframework.boot.autoconfigure.web.servlet.error.BasicErrorController#error(HttpServletRequest)
2023-12-23 14:24:20 [http-nio-9091-exec-10] DEBUG o.s.w.s.m.m.a.RequestMappingHandlerMapping - Mapped to org.springframework.boot.autoconfigure.web.servlet.error.BasicErrorController#error(HttpServletRequest)
2023-12-23 14:24:20 [http-nio-9091-exec-10] DEBUG o.s.web.servlet.DispatcherServlet - "ERROR" dispatch for GET "/error", parameters={}
2023-12-23 14:24:20 [http-nio-9091-exec-10] DEBUG o.s.w.s.m.m.a.RequestMappingHandlerMapping - Mapped to org.springframework.boot.autoconfigure.web.servlet.error.BasicErrorController#error(HttpServletRequest)
2023-12-23 14:24:20 [http-nio-9091-exec-10] DEBUG o.s.w.s.m.m.a.HttpEntityMethodProcessor - Using 'application/json', given [*/*] and supported [application/json, application/*+json, application/cbor]
2023-12-23 14:24:20 [http-nio-9091-exec-10] DEBUG o.s.w.s.m.m.a.HttpEntityMethodProcessor - Writing [{timestamp=Sat Dec 23 14:24:20 IST 2023, status=500, error=Internal Server Error, trace=java.lang.Nu (truncated)...]
2023-12-23 14:24:20 [http-nio-9091-exec-10] DEBUG o.s.web.servlet.DispatcherServlet - Exiting from "ERROR" dispatch, status 500
2023-12-23 14:24:46 [http-nio-9091-exec-9] DEBUG o.s.w.s.m.m.a.RequestMappingHandlerMapping - Mapped to examportal.portal.Controllers.ResultController#getbystudentandpaperId(String, String)
2023-12-23 14:24:46 [http-nio-9091-exec-9] DEBUG o.s.w.s.m.m.a.RequestMappingHandlerMapping - Mapped to examportal.portal.Controllers.ResultController#getbystudentandpaperId(String, String)
2023-12-23 14:24:46 [http-nio-9091-exec-9] DEBUG o.s.w.s.m.m.a.RequestMappingHandlerMapping - Mapped to examportal.portal.Controllers.ResultController#getbystudentandpaperId(String, String)
2023-12-23 14:24:46 [http-nio-9091-exec-9] DEBUG o.s.w.s.m.m.a.RequestMappingHandlerMapping - Mapped to examportal.portal.Controllers.ResultController#getbystudentandpaperId(String, String)
2023-12-23 14:24:46 [http-nio-9091-exec-9] DEBUG o.s.w.s.m.m.a.RequestMappingHandlerMapping - Mapped to examportal.portal.Controllers.ResultController#getbystudentandpaperId(String, String)
2023-12-23 14:24:46 [http-nio-9091-exec-9] DEBUG o.s.w.s.m.m.a.RequestMappingHandlerMapping - Mapped to examportal.portal.Controllers.ResultController#getbystudentandpaperId(String, String)
2023-12-23 14:24:46 [http-nio-9091-exec-9] DEBUG o.s.w.s.m.m.a.RequestMappingHandlerMapping - Mapped to examportal.portal.Controllers.ResultController#getbystudentandpaperId(String, String)
2023-12-23 14:24:46 [http-nio-9091-exec-9] DEBUG o.s.w.s.m.m.a.RequestMappingHandlerMapping - Mapped to examportal.portal.Controllers.ResultController#getbystudentandpaperId(String, String)
2023-12-23 14:24:46 [http-nio-9091-exec-9] DEBUG o.s.w.s.m.m.a.RequestMappingHandlerMapping - Mapped to examportal.portal.Controllers.ResultController#getbystudentandpaperId(String, String)
2023-12-23 14:24:46 [http-nio-9091-exec-9] DEBUG o.s.web.servlet.DispatcherServlet - GET "/getresultby/student/65869eb8dca1222f3d0469d3/paperId/149568c7-487a-4229-a218-c35d7c2b76d4", parameters={}
2023-12-23 14:24:46 [http-nio-9091-exec-9] DEBUG o.s.w.s.m.m.a.RequestMappingHandlerMapping - Mapped to examportal.portal.Controllers.ResultController#getbystudentandpaperId(String, String)
2023-12-23 14:24:46 [http-nio-9091-exec-9] INFO  ResultController - ResultController, getbystudentandpaperId  Method Start
2023-12-23 14:24:46 [http-nio-9091-exec-9] INFO  ResultServiceImpl - ResultServiceImpl, getResultByStudentIdAndPaperId Method Start
2023-12-23 14:24:46 [http-nio-9091-exec-9] DEBUG org.hibernate.SQL - select r1_0.resultid,r1_0.assesment_name,r1_0.date,r1_0.is_published,r1_0.marks,r1_0.paperid,r1_0.percentage,r1_0.result_status,r1_0.studentid,r1_0.student_email from result r1_0 where r1_0.paperid=? and r1_0.studentid=?
2023-12-23 14:24:47 [http-nio-9091-exec-9] DEBUG org.hibernate.SQL - select s1_0.studentid,s1_0.branch,s1_0.email,s1_0.is_attempted,s1_0.name,s1_0.orgnization_id,s1_0.paper_id,s1_0.top_marks,s1_0.top_paper_id,s1_0.year from student s1_0 where s1_0.studentid=?
2023-12-23 14:24:49 [http-nio-9091-exec-9] DEBUG o.s.web.servlet.DispatcherServlet - Failed to complete request: java.lang.NullPointerException: Cannot invoke "examportal.portal.Entity.Result.getIs_published()" because "result" is null
2023-12-23 14:24:49 [http-nio-9091-exec-9] ERROR o.a.c.c.C.[.[.[.[dispatcherServlet] - Servlet.service() for servlet [dispatcherServlet] in context with path [] threw exception [Request processing failed: java.lang.NullPointerException: Cannot invoke "examportal.portal.Entity.Result.getIs_published()" because "result" is null] with root cause
java.lang.NullPointerException: Cannot invoke "examportal.portal.Entity.Result.getIs_published()" because "result" is null
	at examportal.portal.ServicesImpl.ResultServiceImpl.getResultByStudentIdAndPaperId(ResultServiceImpl.java:299)
	at java.base/jdk.internal.reflect.DirectMethodHandleAccessor.invoke(DirectMethodHandleAccessor.java:104)
	at java.base/java.lang.reflect.Method.invoke(Method.java:578)
	at org.springframework.aop.support.AopUtils.invokeJoinpointUsingReflection(AopUtils.java:343)
	at org.springframework.aop.framework.CglibAopProxy$DynamicAdvisedInterceptor.intercept(CglibAopProxy.java:699)
	at examportal.portal.ServicesImpl.ResultServiceImpl$$SpringCGLIB$$0.getResultByStudentIdAndPaperId(<generated>)
	at examportal.portal.Controllers.ResultController.getbystudentandpaperId(ResultController.java:112)
	at java.base/jdk.internal.reflect.DirectMethodHandleAccessor.invoke(DirectMethodHandleAccessor.java:104)
	at java.base/java.lang.reflect.Method.invoke(Method.java:578)
	at org.springframework.web.method.support.InvocableHandlerMethod.doInvoke(InvocableHandlerMethod.java:205)
	at org.springframework.web.method.support.InvocableHandlerMethod.invokeForRequest(InvocableHandlerMethod.java:150)
	at org.springframework.web.servlet.mvc.method.annotation.ServletInvocableHandlerMethod.invokeAndHandle(ServletInvocableHandlerMethod.java:118)
	at org.springframework.web.servlet.mvc.method.annotation.RequestMappingHandlerAdapter.invokeHandlerMethod(RequestMappingHandlerAdapter.java:884)
	at org.springframework.web.servlet.mvc.method.annotation.RequestMappingHandlerAdapter.handleInternal(RequestMappingHandlerAdapter.java:797)
	at org.springframework.web.servlet.mvc.method.AbstractHandlerMethodAdapter.handle(AbstractHandlerMethodAdapter.java:87)
	at org.springframework.web.servlet.DispatcherServlet.doDispatch(DispatcherServlet.java:1081)
	at org.springframework.web.servlet.DispatcherServlet.doService(DispatcherServlet.java:974)
	at org.springframework.web.servlet.FrameworkServlet.processRequest(FrameworkServlet.java:1011)
	at org.springframework.web.servlet.FrameworkServlet.doGet(FrameworkServlet.java:903)
	at jakarta.servlet.http.HttpServlet.service(HttpServlet.java:564)
	at org.springframework.web.servlet.FrameworkServlet.service(FrameworkServlet.java:885)
	at jakarta.servlet.http.HttpServlet.service(HttpServlet.java:658)
	at org.apache.catalina.core.ApplicationFilterChain.internalDoFilter(ApplicationFilterChain.java:205)
	at org.apache.catalina.core.ApplicationFilterChain.doFilter(ApplicationFilterChain.java:149)
	at org.apache.tomcat.websocket.server.WsFilter.doFilter(WsFilter.java:51)
	at org.apache.catalina.core.ApplicationFilterChain.internalDoFilter(ApplicationFilterChain.java:174)
	at org.apache.catalina.core.ApplicationFilterChain.doFilter(ApplicationFilterChain.java:149)
	at org.springframework.security.web.FilterChainProxy.lambda$doFilterInternal$3(FilterChainProxy.java:231)
	at org.springframework.security.web.FilterChainProxy$VirtualFilterChain.doFilter(FilterChainProxy.java:365)
	at org.springframework.security.web.access.intercept.AuthorizationFilter.doFilter(AuthorizationFilter.java:100)
	at org.springframework.security.web.FilterChainProxy$VirtualFilterChain.doFilter(FilterChainProxy.java:374)
	at org.springframework.security.web.access.ExceptionTranslationFilter.doFilter(ExceptionTranslationFilter.java:126)
	at org.springframework.security.web.access.ExceptionTranslationFilter.doFilter(ExceptionTranslationFilter.java:120)
	at org.springframework.security.web.FilterChainProxy$VirtualFilterChain.doFilter(FilterChainProxy.java:374)
	at org.springframework.security.web.authentication.AnonymousAuthenticationFilter.doFilter(AnonymousAuthenticationFilter.java:100)
	at org.springframework.security.web.FilterChainProxy$VirtualFilterChain.doFilter(FilterChainProxy.java:374)
	at org.springframework.security.web.servletapi.SecurityContextHolderAwareRequestFilter.doFilter(SecurityContextHolderAwareRequestFilter.java:179)
	at org.springframework.security.web.FilterChainProxy$VirtualFilterChain.doFilter(FilterChainProxy.java:374)
	at org.springframework.security.web.savedrequest.RequestCacheAwareFilter.doFilter(RequestCacheAwareFilter.java:63)
	at org.springframework.security.web.FilterChainProxy$VirtualFilterChain.doFilter(FilterChainProxy.java:374)
	at org.springframework.security.oauth2.server.resource.web.authentication.BearerTokenAuthenticationFilter.doFilterInternal(BearerTokenAuthenticationFilter.java:145)
	at org.springframework.web.filter.OncePerRequestFilter.doFilter(OncePerRequestFilter.java:116)
	at org.springframework.security.web.FilterChainProxy$VirtualFilterChain.doFilter(FilterChainProxy.java:374)
	at org.springframework.security.web.authentication.logout.LogoutFilter.doFilter(LogoutFilter.java:107)
	at org.springframework.security.web.authentication.logout.LogoutFilter.doFilter(LogoutFilter.java:93)
	at org.springframework.security.web.FilterChainProxy$VirtualFilterChain.doFilter(FilterChainProxy.java:374)
	at org.springframework.web.filter.CorsFilter.doFilterInternal(CorsFilter.java:91)
	at org.springframework.web.filter.OncePerRequestFilter.doFilter(OncePerRequestFilter.java:116)
	at org.springframework.security.web.FilterChainProxy$VirtualFilterChain.doFilter(FilterChainProxy.java:374)
	at org.springframework.security.web.header.HeaderWriterFilter.doHeadersAfter(HeaderWriterFilter.java:90)
	at org.springframework.security.web.header.HeaderWriterFilter.doFilterInternal(HeaderWriterFilter.java:75)
	at org.springframework.web.filter.OncePerRequestFilter.doFilter(OncePerRequestFilter.java:116)
	at org.springframework.security.web.FilterChainProxy$VirtualFilterChain.doFilter(FilterChainProxy.java:374)
	at org.springframework.security.web.context.SecurityContextHolderFilter.doFilter(SecurityContextHolderFilter.java:82)
	at org.springframework.security.web.context.SecurityContextHolderFilter.doFilter(SecurityContextHolderFilter.java:69)
	at org.springframework.security.web.FilterChainProxy$VirtualFilterChain.doFilter(FilterChainProxy.java:374)
	at org.springframework.security.web.context.request.async.WebAsyncManagerIntegrationFilter.doFilterInternal(WebAsyncManagerIntegrationFilter.java:62)
	at org.springframework.web.filter.OncePerRequestFilter.doFilter(OncePerRequestFilter.java:116)
	at org.springframework.security.web.FilterChainProxy$VirtualFilterChain.doFilter(FilterChainProxy.java:374)
	at org.springframework.security.web.session.DisableEncodeUrlFilter.doFilterInternal(DisableEncodeUrlFilter.java:42)
	at org.springframework.web.filter.OncePerRequestFilter.doFilter(OncePerRequestFilter.java:116)
	at org.springframework.security.web.FilterChainProxy$VirtualFilterChain.doFilter(FilterChainProxy.java:374)
	at org.springframework.security.web.FilterChainProxy.doFilterInternal(FilterChainProxy.java:233)
	at org.springframework.security.web.FilterChainProxy.doFilter(FilterChainProxy.java:191)
	at org.springframework.web.filter.DelegatingFilterProxy.invokeDelegate(DelegatingFilterProxy.java:352)
	at org.springframework.web.filter.DelegatingFilterProxy.doFilter(DelegatingFilterProxy.java:268)
	at org.apache.catalina.core.ApplicationFilterChain.internalDoFilter(ApplicationFilterChain.java:174)
	at org.apache.catalina.core.ApplicationFilterChain.doFilter(ApplicationFilterChain.java:149)
	at org.springframework.web.filter.RequestContextFilter.doFilterInternal(RequestContextFilter.java:100)
	at org.springframework.web.filter.OncePerRequestFilter.doFilter(OncePerRequestFilter.java:116)
	at org.apache.catalina.core.ApplicationFilterChain.internalDoFilter(ApplicationFilterChain.java:174)
	at org.apache.catalina.core.ApplicationFilterChain.doFilter(ApplicationFilterChain.java:149)
	at org.springframework.web.filter.FormContentFilter.doFilterInternal(FormContentFilter.java:93)
	at org.springframework.web.filter.OncePerRequestFilter.doFilter(OncePerRequestFilter.java:116)
	at org.apache.catalina.core.ApplicationFilterChain.internalDoFilter(ApplicationFilterChain.java:174)
	at org.apache.catalina.core.ApplicationFilterChain.doFilter(ApplicationFilterChain.java:149)
	at org.springframework.web.filter.CharacterEncodingFilter.doFilterInternal(CharacterEncodingFilter.java:201)
	at org.springframework.web.filter.OncePerRequestFilter.doFilter(OncePerRequestFilter.java:116)
	at org.apache.catalina.core.ApplicationFilterChain.internalDoFilter(ApplicationFilterChain.java:174)
	at org.apache.catalina.core.ApplicationFilterChain.doFilter(ApplicationFilterChain.java:149)
	at org.apache.catalina.core.StandardWrapperValve.invoke(StandardWrapperValve.java:167)
	at org.apache.catalina.core.StandardContextValve.invoke(StandardContextValve.java:90)
	at org.apache.catalina.authenticator.AuthenticatorBase.invoke(AuthenticatorBase.java:482)
	at org.apache.catalina.core.StandardHostValve.invoke(StandardHostValve.java:115)
	at org.apache.catalina.valves.ErrorReportValve.invoke(ErrorReportValve.java:93)
	at org.apache.catalina.core.StandardEngineValve.invoke(StandardEngineValve.java:74)
	at org.apache.catalina.connector.CoyoteAdapter.service(CoyoteAdapter.java:340)
	at org.apache.coyote.http11.Http11Processor.service(Http11Processor.java:391)
	at org.apache.coyote.AbstractProcessorLight.process(AbstractProcessorLight.java:63)
	at org.apache.coyote.AbstractProtocol$ConnectionHandler.process(AbstractProtocol.java:896)
	at org.apache.tomcat.util.net.NioEndpoint$SocketProcessor.doRun(NioEndpoint.java:1744)
	at org.apache.tomcat.util.net.SocketProcessorBase.run(SocketProcessorBase.java:52)
	at org.apache.tomcat.util.threads.ThreadPoolExecutor.runWorker(ThreadPoolExecutor.java:1191)
	at org.apache.tomcat.util.threads.ThreadPoolExecutor$Worker.run(ThreadPoolExecutor.java:659)
	at org.apache.tomcat.util.threads.TaskThread$WrappingRunnable.run(TaskThread.java:61)
	at java.base/java.lang.Thread.run(Thread.java:1589)
2023-12-23 14:24:49 [http-nio-9091-exec-9] DEBUG o.s.w.s.m.m.a.RequestMappingHandlerMapping - Mapped to org.springframework.boot.autoconfigure.web.servlet.error.BasicErrorController#error(HttpServletRequest)
2023-12-23 14:24:49 [http-nio-9091-exec-9] DEBUG o.s.w.s.m.m.a.RequestMappingHandlerMapping - Mapped to org.springframework.boot.autoconfigure.web.servlet.error.BasicErrorController#error(HttpServletRequest)
2023-12-23 14:24:49 [http-nio-9091-exec-9] DEBUG o.s.w.s.m.m.a.RequestMappingHandlerMapping - Mapped to org.springframework.boot.autoconfigure.web.servlet.error.BasicErrorController#error(HttpServletRequest)
2023-12-23 14:24:49 [http-nio-9091-exec-9] DEBUG o.s.w.s.m.m.a.RequestMappingHandlerMapping - Mapped to org.springframework.boot.autoconfigure.web.servlet.error.BasicErrorController#error(HttpServletRequest)
2023-12-23 14:24:49 [http-nio-9091-exec-9] DEBUG o.s.w.s.m.m.a.RequestMappingHandlerMapping - Mapped to org.springframework.boot.autoconfigure.web.servlet.error.BasicErrorController#error(HttpServletRequest)
2023-12-23 14:24:49 [http-nio-9091-exec-9] DEBUG o.s.w.s.m.m.a.RequestMappingHandlerMapping - Mapped to org.springframework.boot.autoconfigure.web.servlet.error.BasicErrorController#error(HttpServletRequest)
2023-12-23 14:24:49 [http-nio-9091-exec-9] DEBUG o.s.w.s.m.m.a.RequestMappingHandlerMapping - Mapped to org.springframework.boot.autoconfigure.web.servlet.error.BasicErrorController#error(HttpServletRequest)
2023-12-23 14:24:49 [http-nio-9091-exec-9] DEBUG o.s.w.s.m.m.a.RequestMappingHandlerMapping - Mapped to org.springframework.boot.autoconfigure.web.servlet.error.BasicErrorController#error(HttpServletRequest)
2023-12-23 14:24:49 [http-nio-9091-exec-9] DEBUG o.s.web.servlet.DispatcherServlet - "ERROR" dispatch for GET "/error", parameters={}
2023-12-23 14:24:49 [http-nio-9091-exec-9] DEBUG o.s.w.s.m.m.a.RequestMappingHandlerMapping - Mapped to org.springframework.boot.autoconfigure.web.servlet.error.BasicErrorController#error(HttpServletRequest)
2023-12-23 14:24:49 [http-nio-9091-exec-9] DEBUG o.s.w.s.m.m.a.HttpEntityMethodProcessor - Using 'application/json', given [*/*] and supported [application/json, application/*+json, application/cbor]
2023-12-23 14:24:49 [http-nio-9091-exec-9] DEBUG o.s.w.s.m.m.a.HttpEntityMethodProcessor - Writing [{timestamp=Sat Dec 23 14:24:49 IST 2023, status=500, error=Internal Server Error, trace=java.lang.Nu (truncated)...]
2023-12-23 14:24:49 [http-nio-9091-exec-9] DEBUG o.s.web.servlet.DispatcherServlet - Exiting from "ERROR" dispatch, status 500
